[debug] [2026-04-27T23:45:48.839Z] ----------------------------------------------------------------------
[debug] [2026-04-27T23:45:48.847Z] Command:       C:\Program Files\nodejs\node.exe C:\Users\Ricardo\AppData\Roaming\npm\node_modules\firebase-tools\lib\bin\firebase.js emulators:start --only functions
[debug] [2026-04-27T23:45:48.851Z] CLI Version:   15.14.0
[debug] [2026-04-27T23:45:48.851Z] Platform:      win32
[debug] [2026-04-27T23:45:48.852Z] Node Version:  v24.13.1
[debug] [2026-04-27T23:45:48.853Z] Time:          Mon Apr 27 2026 20:45:48 GMT-0300 (Horário Padrão de Brasília)
[debug] [2026-04-27T23:45:48.853Z] ----------------------------------------------------------------------
[debug] 
[debug] [2026-04-27T23:45:55.332Z] > command requires scopes: ["email","openid","https://www.googleapis.com/auth/cloudplatformprojects.readonly","https://www.googleapis.com/auth/firebase","https://www.googleapis.com/auth/cloud-platform"]
[debug] [2026-04-27T23:45:55.336Z] > authorizing via signed-in user (ricardocompras.graodegente@gmail.com)
[info] i  emulators: Starting emulators: functions {"metadata":{"emulator":{"name":"hub"},"message":"Starting emulators: functions"}}
[debug] [2026-04-27T23:45:55.377Z] [logging] Logging Emulator only supports listening on one address (127.0.0.1). Not listening on ::1
[debug] [2026-04-27T23:45:55.377Z] assigned listening specs for emulators {"user":{"hub":[{"address":"127.0.0.1","family":"IPv4","port":4400},{"address":"::1","family":"IPv6","port":4400}],"ui":[{"address":"127.0.0.1","family":"IPv4","port":4000},{"address":"::1","family":"IPv6","port":4000}],"logging":[{"address":"127.0.0.1","family":"IPv4","port":4500}]},"metadata":{"message":"assigned listening specs for emulators"}}
[debug] [2026-04-27T23:45:55.399Z] Write emulator hub locator at C:\Users\Ricardo\AppData\Local\Temp\hub-projeto-vivamais-2026.json
[debug] [2026-04-27T23:45:55.462Z] [functions] Functions Emulator only supports listening on one address (127.0.0.1). Not listening on ::1
[debug] [2026-04-27T23:45:55.463Z] [eventarc] Eventarc Emulator only supports listening on one address (127.0.0.1). Not listening on ::1
[debug] [2026-04-27T23:45:55.464Z] [tasks] Cloud Tasks Emulator only supports listening on one address (127.0.0.1). Not listening on ::1
[debug] [2026-04-27T23:45:55.465Z] late-assigned ports for functions and eventarc emulators {"user":{"hub":[{"address":"127.0.0.1","family":"IPv4","port":4400},{"address":"::1","family":"IPv6","port":4400}],"ui":[{"address":"127.0.0.1","family":"IPv4","port":4000},{"address":"::1","family":"IPv6","port":4000}],"logging":[{"address":"127.0.0.1","family":"IPv4","port":4500}],"functions":[{"address":"127.0.0.1","family":"IPv4","port":5001}],"eventarc":[{"address":"127.0.0.1","family":"IPv4","port":9299}],"tasks":[{"address":"127.0.0.1","family":"IPv4","port":9499}]},"metadata":{"message":"late-assigned ports for functions and eventarc emulators"}}
[warn] !  functions: The following emulators are not running, calls to these services from the Functions emulator will affect production: apphosting, auth, firestore, database, hosting, pubsub, storage, dataconnect {"metadata":{"emulator":{"name":"functions"},"message":"The following emulators are not running, calls to these services from the Functions emulator will affect production: \u001b[1mapphosting, auth, firestore, database, hosting, pubsub, storage, dataconnect\u001b[22m"}}
[debug] [2026-04-27T23:45:55.543Z] defaultcredentials: writing to file C:\Users\Ricardo\AppData\Roaming\firebase\ricardocompras_graodegente_gmail.com_application_default_credentials.json
[debug] [2026-04-27T23:45:55.556Z] Setting GAC to C:\Users\Ricardo\AppData\Roaming\firebase\ricardocompras_graodegente_gmail.com_application_default_credentials.json {"metadata":{"emulator":{"name":"functions"},"message":"Setting GAC to C:\\Users\\Ricardo\\AppData\\Roaming\\firebase\\ricardocompras_graodegente_gmail.com_application_default_credentials.json"}}
[debug] [2026-04-27T23:45:55.559Z] Checked if tokens are valid: false, expires at: 1777313492240
[debug] [2026-04-27T23:45:55.560Z] Checked if tokens are valid: false, expires at: 1777313492240
[debug] [2026-04-27T23:45:55.561Z] > refreshing access token with scopes: []
[debug] [2026-04-27T23:45:55.569Z] >>> [apiv2][query] POST https://www.googleapis.com/oauth2/v3/token [none]
[debug] [2026-04-27T23:45:55.569Z] >>> [apiv2][body] POST https://www.googleapis.com/oauth2/v3/token [omitted]
[debug] [2026-04-27T23:45:55.786Z] <<< [apiv2][status] POST https://www.googleapis.com/oauth2/v3/token 200
[debug] [2026-04-27T23:45:55.787Z] <<< [apiv2][body] POST https://www.googleapis.com/oauth2/v3/token [omitted]
[debug] [2026-04-27T23:45:55.807Z] >>> [apiv2][query] GET https://firebase.googleapis.com/v1beta1/projects/projeto-vivamais-2026/adminSdkConfig [none]
[debug] [2026-04-27T23:45:56.311Z] <<< [apiv2][status] GET https://firebase.googleapis.com/v1beta1/projects/projeto-vivamais-2026/adminSdkConfig 200
[debug] [2026-04-27T23:45:56.312Z] <<< [apiv2][body] GET https://firebase.googleapis.com/v1beta1/projects/projeto-vivamais-2026/adminSdkConfig {"projectId":"projeto-vivamais-2026","storageBucket":"projeto-vivamais-2026.firebasestorage.app"}
[info] i  functions: Watching "C:\Users\Ricardo\Projeto-PI5\functions" for Cloud Functions... {"metadata":{"emulator":{"name":"functions"},"message":"Watching \"C:\\Users\\Ricardo\\Projeto-PI5\\functions\" for Cloud Functions..."}}
[debug] [2026-04-27T23:45:56.430Z] Validating nodejs source
[debug] [2026-04-27T23:46:00.924Z] > [functions] package.json contents: {
  "name": "functions",
  "description": "Cloud Functions for Firebase",
  "scripts": {
    "serve": "firebase emulators:start --only functions",
    "shell": "firebase functions:shell",
    "start": "npm run shell",
    "deploy": "firebase deploy --only functions",
    "logs": "firebase functions:log"
  },
  "engines": {
    "node": "24"
  },
  "main": "index.js",
  "dependencies": {
    "@google/generative-ai": "^0.24.1",
    "bcryptjs": "^3.0.3",
    "cors": "^2.8.6",
    "dotenv": "^17.4.2",
    "express": "^5.2.1",
    "firebase-admin": "^13.8.0",
    "firebase-functions": "^7.0.0",
    "helmet": "^8.1.0",
    "jsonwebtoken": "^9.0.3"
  },
  "devDependencies": {
    "firebase-functions-test": "^3.4.1"
  },
  "private": true
}
[debug] [2026-04-27T23:46:00.925Z] Building nodejs source
[debug] [2026-04-27T23:46:00.926Z] Failed to find version of module node: reached end of search path C:\Users\Ricardo\Projeto-PI5\functions\node_modules
[info] +  functions: Using node@24 from host. 
[debug] [2026-04-27T23:46:00.939Z] Could not find functions.yaml. Must use http discovery
[debug] [2026-04-27T23:46:00.976Z] Found firebase-functions binary at 'C:\Users\Ricardo\Projeto-PI5\functions\node_modules\.bin\firebase-functions'
[info] Serving at port 8035

[info] ◇ injected env (0) from .env // tip: ⌁ auth for agents [www.vestauth.com]

[info] ✅ Conectado ao Firebase Firestore

[info] ⚠️ GEMINI_API_KEY não configurada - usando análise estatística básica

[debug] [2026-04-27T23:46:04.866Z] Got response from /__/functions.yaml {"endpoints":{"api":{"availableMemoryMb":null,"timeoutSeconds":null,"minInstances":null,"maxInstances":null,"ingressSettings":null,"concurrency":null,"serviceAccountEmail":null,"vpc":null,"platform":"gcfv2","labels":{},"httpsTrigger":{},"entryPoint":"api"}},"specVersion":"v1alpha1","requiredAPIs":[],"extensions":{}}
[info] +  functions: Loaded functions definitions from source: api. {"metadata":{"emulator":{"name":"functions"},"message":"Loaded functions definitions from source: api."}}
[info] +  functions[us-central1-api]: http function initialized (http://127.0.0.1:5001/projeto-vivamais-2026/us-central1/api). {"metadata":{"emulator":{"name":"functions"},"message":"\u001b[1mhttp\u001b[22m function initialized (http://127.0.0.1:5001/projeto-vivamais-2026/us-central1/api)."}}
[debug] [2026-04-27T23:46:09.005Z] Could not find VSCode notification endpoint: FetchError: request to http://localhost:40001/vscode/notify failed, reason: . If you are not running the Firebase Data Connect VSCode extension, this is expected and not an issue.
[info] 
┌─────────────────────────────────────────────────────────────┐
│ ✔  All emulators ready! It is now safe to connect your app. │
│ i  View Emulator UI at http://127.0.0.1:4000/               │
└─────────────────────────────────────────────────────────────┘

┌───────────┬────────────────┬─────────────────────────────────┐
│ Emulator  │ Host:Port      │ View in Emulator UI             │
├───────────┼────────────────┼─────────────────────────────────┤
│ Functions │ 127.0.0.1:5001 │ http://127.0.0.1:4000/functions │
└───────────┴────────────────┴─────────────────────────────────┘
  Emulator Hub host: 127.0.0.1 port: 4400
  Other reserved ports: 4500

Issues? Report them at https://github.com/firebase/firebase-tools/issues and attach the *-debug.log files.
 
